<?xml version="1.0" encoding="UTF-8"?>
<!-- Generated by org.testng.reporters.JUnitReportReporter -->
<testsuite hostname="LAPTOP-NQKNFJ68" failures="0" tests="1" name="SampleCheck_01" time="4.341" errors="0" timestamp="2024-11-29T09:47:15 IST" skipped="0">
  <testcase classname="SampleCheck_01" name="test1" time="4.341"/>
</testsuite> <!-- SampleCheck_01 -->
