<?xml version="1.0" encoding="UTF-8"?>
<!-- Generated by org.testng.reporters.JUnitReportReporter -->
<testsuite hostname="LAPTOP-NQKNFJ68" failures="0" tests="1" name="SampleCheck_01" time="3.500" errors="0" timestamp="2024-11-29T19:09:33 IST" skipped="0">
  <testcase classname="SampleCheck_01" name="test1" time="3.500"/>
</testsuite> <!-- SampleCheck_01 -->
