<?xml version="1.0" encoding="UTF-8"?>
<!-- Generated by org.testng.reporters.JUnitReportReporter -->
<testsuite hostname="LAPTOP-NQKNFJ68" failures="0" tests="1" name="SampleTest_02" time="0.002" errors="0" timestamp="2024-11-29T15:20:57 IST" skipped="0">
  <testcase classname="SampleTest_02" name="test2" time="0.002"/>
</testsuite> <!-- SampleTest_02 -->
